<?xml version="1.0" encoding="UTF-8"?>
<testng-results ignored="0" total="5" passed="5" failed="0" skipped="0">
  <reporter-output>
  </reporter-output>
  <suite started-at="2024-05-29T20:50:22 EDT" name="Suite" finished-at="2024-05-29T20:51:10 EDT" duration-ms="48187">
    <groups>
      <group name="purchase">
        <method signature="TestPage.runTest(java.util.HashMap)[pri:0, instance:automate.tests.TestPage@5a7fe64f]" name="runTest" class="automate.tests.TestPage"/>
        <method signature="ErrorValidations.loginErrorValidation()[pri:0, instance:automate.tests.ErrorValidations@6bb4dd34]" name="loginErrorValidation" class="automate.tests.ErrorValidations"/>
        <method signature="ErrorValidations.productErrorValidation()[pri:0, instance:automate.tests.ErrorValidations@6bb4dd34]" name="productErrorValidation" class="automate.tests.ErrorValidations"/>
      </group> <!-- purchase -->
    </groups>
    <test started-at="2024-05-29T20:50:22 EDT" name="Test2" finished-at="2024-05-29T20:50:45 EDT" duration-ms="23305">
      <class name="automate.tests.ErrorValidations">
        <test-method is-config="true" signature="launchApplication()[pri:0, instance:automate.tests.ErrorValidations@6bb4dd34]" started-at="2024-05-29T20:50:22 EDT" name="launchApplication" finished-at="2024-05-29T20:50:31 EDT" duration-ms="9435" status="PASS">
          <reporter-output>
          </reporter-output>
        </test-method> <!-- launchApplication -->
        <test-method signature="loginErrorValidation()[pri:0, instance:automate.tests.ErrorValidations@6bb4dd34]" started-at="2024-05-29T20:50:31 EDT" name="loginErrorValidation" finished-at="2024-05-29T20:50:33 EDT" duration-ms="1706" status="PASS">
          <reporter-output>
          </reporter-output>
        </test-method> <!-- loginErrorValidation -->
        <test-method is-config="true" signature="tearDown()[pri:0, instance:automate.tests.ErrorValidations@6bb4dd34]" started-at="2024-05-29T20:50:33 EDT" name="tearDown" finished-at="2024-05-29T20:50:33 EDT" duration-ms="201" status="PASS">
          <reporter-output>
          </reporter-output>
        </test-method> <!-- tearDown -->
        <test-method is-config="true" signature="launchApplication()[pri:0, instance:automate.tests.ErrorValidations@6bb4dd34]" started-at="2024-05-29T20:50:33 EDT" name="launchApplication" finished-at="2024-05-29T20:50:41 EDT" duration-ms="7719" status="PASS">
          <reporter-output>
          </reporter-output>
        </test-method> <!-- launchApplication -->
        <test-method signature="productErrorValidation()[pri:0, instance:automate.tests.ErrorValidations@6bb4dd34]" started-at="2024-05-29T20:50:41 EDT" name="productErrorValidation" finished-at="2024-05-29T20:50:45 EDT" duration-ms="4034" status="PASS">
          <reporter-output>
          </reporter-output>
        </test-method> <!-- productErrorValidation -->
        <test-method is-config="true" signature="tearDown()[pri:0, instance:automate.tests.ErrorValidations@6bb4dd34]" started-at="2024-05-29T20:50:45 EDT" name="tearDown" finished-at="2024-05-29T20:50:45 EDT" duration-ms="145" status="PASS">
          <reporter-output>
          </reporter-output>
        </test-method> <!-- tearDown -->
      </class> <!-- automate.tests.ErrorValidations -->
    </test> <!-- Test2 -->
    <test started-at="2024-05-29T20:50:22 EDT" name="Test1" finished-at="2024-05-29T20:51:10 EDT" duration-ms="48187">
      <class name="automate.tests.TestPage">
        <test-method is-config="true" signature="launchApplication()[pri:0, instance:automate.tests.TestPage@5a7fe64f]" started-at="2024-05-29T20:50:22 EDT" name="launchApplication" finished-at="2024-05-29T20:50:33 EDT" duration-ms="11193" status="PASS">
          <reporter-output>
          </reporter-output>
        </test-method> <!-- launchApplication -->
        <test-method signature="runTest(java.util.HashMap)[pri:0, instance:automate.tests.TestPage@5a7fe64f]" started-at="2024-05-29T20:50:33 EDT" name="runTest" data-provider="getData" finished-at="2024-05-29T20:50:42 EDT" duration-ms="8066" status="PASS">
          <params>
            <param index="0">
              <value>
                <![CDATA[{ProductName=ZARA COAT 3, Email=moe@hotmail.com, Password=12345}]]>
              </value>
            </param>
          </params>
          <reporter-output>
          </reporter-output>
        </test-method> <!-- runTest -->
        <test-method is-config="true" signature="tearDown()[pri:0, instance:automate.tests.TestPage@5a7fe64f]" started-at="2024-05-29T20:50:42 EDT" name="tearDown" finished-at="2024-05-29T20:50:42 EDT" duration-ms="197" status="PASS">
          <reporter-output>
          </reporter-output>
        </test-method> <!-- tearDown -->
        <test-method is-config="true" signature="launchApplication()[pri:0, instance:automate.tests.TestPage@5a7fe64f]" started-at="2024-05-29T20:50:42 EDT" name="launchApplication" finished-at="2024-05-29T20:50:49 EDT" duration-ms="6864" status="PASS">
          <reporter-output>
          </reporter-output>
        </test-method> <!-- launchApplication -->
        <test-method signature="runTest(java.util.HashMap)[pri:0, instance:automate.tests.TestPage@5a7fe64f]" started-at="2024-05-29T20:50:49 EDT" name="runTest" data-provider="getData" finished-at="2024-05-29T20:50:56 EDT" duration-ms="7203" status="PASS">
          <params>
            <param index="0">
              <value>
                <![CDATA[{ProductName=IPHONE 13 PRO, Email=moema@hotmail.com, Password=123456}]]>
              </value>
            </param>
          </params>
          <reporter-output>
          </reporter-output>
        </test-method> <!-- runTest -->
        <test-method is-config="true" signature="tearDown()[pri:0, instance:automate.tests.TestPage@5a7fe64f]" started-at="2024-05-29T20:50:56 EDT" name="tearDown" finished-at="2024-05-29T20:50:56 EDT" duration-ms="166" status="PASS">
          <reporter-output>
          </reporter-output>
        </test-method> <!-- tearDown -->
        <test-method is-config="true" signature="launchApplication()[pri:0, instance:automate.tests.TestPage@5a7fe64f]" started-at="2024-05-29T20:50:56 EDT" name="launchApplication" finished-at="2024-05-29T20:51:02 EDT" duration-ms="6534" status="PASS">
          <reporter-output>
          </reporter-output>
        </test-method> <!-- launchApplication -->
        <test-method signature="runTest(java.util.HashMap)[pri:0, instance:automate.tests.TestPage@5a7fe64f]" started-at="2024-05-29T20:51:02 EDT" name="runTest" data-provider="getData" finished-at="2024-05-29T20:51:10 EDT" duration-ms="7499" status="PASS">
          <params>
            <param index="0">
              <value>
                <![CDATA[{ProductName=ADIDAS ORIGINAL, Email=mike@hotmail.com, Password=1234567}]]>
              </value>
            </param>
          </params>
          <reporter-output>
          </reporter-output>
        </test-method> <!-- runTest -->
        <test-method is-config="true" signature="tearDown()[pri:0, instance:automate.tests.TestPage@5a7fe64f]" started-at="2024-05-29T20:51:10 EDT" name="tearDown" finished-at="2024-05-29T20:51:10 EDT" duration-ms="158" status="PASS">
          <reporter-output>
          </reporter-output>
        </test-method> <!-- tearDown -->
      </class> <!-- automate.tests.TestPage -->
    </test> <!-- Test1 -->
  </suite> <!-- Suite -->
</testng-results>
